# JRE version: OpenJDK Runtime Environment (11.0.15) (build 11.0.15+0-b2043.56-9505619)
# Java VM: OpenJDK 64-Bit Server VM (11.0.15+0-b2043.56-9505619, mixed mode, tiered, compressed oops, g1 gc, windows-amd64)
Heap:
 garbage-first heap   total 562176K, used 214885K [0x0000000080000000, 0x0000000100000000)
  region size 1024K, 7 young (7168K), 7 survivors (7168K)
 Metaspace       used 113433K, capacity 116347K, committed 117328K, reserved 1150976K
  class space    used 14247K, capacity 15312K, committed 15616K, reserved 1048576K
GC Heap History (20 events):
Event: 15.219 GC heap after
{Heap after GC invocations=24 (full 0):
 garbage-first heap   total 260096K, used 146642K [0x0000000080000000, 0x0000000100000000)
  region size 1024K, 9 young (9216K), 9 survivors (9216K)
 Metaspace       used 107536K, capacity 110072K, committed 110800K, reserved 1146880K
  class space    used 13266K, capacity 14183K, committed 14464K, reserved 1048576K
}
Event: 15.228 GC heap before
{Heap before GC invocations=24 (full 0):
 garbage-first heap   total 260096K, used 154834K [0x0000000080000000, 0x0000000100000000)
  region size 1024K, 12 young (12288K), 9 survivors (9216K)
 Metaspace       used 107541K, capacity 110072K, committed 110800K, reserved 1146880K
  class space    used 13266K, capacity 14183K, committed 14464K, reserved 1048576K
}
Event: 15.233 GC heap after
{Heap after GC invocations=25 (full 0):
 garbage-first heap   total 260096K, used 140483K [0x0000000080000000, 0x0000000100000000)
  region size 1024K, 2 young (2048K), 2 survivors (2048K)
 Metaspace       used 107541K, capacity 110072K, committed 110800K, reserved 1146880K
  class space    used 13266K, capacity 14183K, committed 14464K, reserved 1048576K
}
Event: 15.242 GC heap before
{Heap before GC invocations=25 (full 0):
 garbage-first heap   total 260096K, used 140483K [0x0000000080000000, 0x0000000100000000)
  region size 1024K, 3 young (3072K), 2 survivors (2048K)
 Metaspace       used 107541K, capacity 110072K, committed 110800K, reserved 1146880K
  class space    used 13266K, capacity 14183K, committed 14464K, reserved 1048576K
}
Event: 15.244 GC heap after
{Heap after GC invocations=26 (full 0):
 garbage-first heap   total 260096K, used 140267K [0x0000000080000000, 0x0000000100000000)
  region size 1024K, 2 young (2048K), 2 survivors (2048K)
 Metaspace       used 107541K, capacity 110072K, committed 110800K, reserved 1146880K
  class space    used 13266K, capacity 14183K, committed 14464K, reserved 1048576K
}
Event: 15.515 GC heap before
{Heap before GC invocations=27 (full 0):
 garbage-first heap   total 260096K, used 206827K [0x0000000080000000, 0x0000000100000000)
  region size 1024K, 57 young (58368K), 2 survivors (2048K)
 Metaspace       used 107862K, capacity 110447K, committed 111056K, reserved 1146880K
  class space    used 13308K, capacity 14236K, committed 14464K, reserved 1048576K
}
Event: 15.529 GC heap after
{Heap after GC invocations=28 (full 0):
 garbage-first heap   total 260096K, used 162174K [0x0000000080000000, 0x0000000100000000)
  region size 1024K, 8 young (8192K), 8 survivors (8192K)
 Metaspace       used 107862K, capacity 110447K, committed 111056K, reserved 1146880K
  class space    used 13308K, capacity 14236K, committed 14464K, reserved 1048576K
}
Event: 15.559 GC heap before
{Heap before GC invocations=28 (full 0):
 garbage-first heap   total 260096K, used 165246K [0x0000000080000000, 0x0000000100000000)
  region size 1024K, 12 young (12288K), 8 survivors (8192K)
 Metaspace       used 108504K, capacity 111123K, committed 111696K, reserved 1146880K
  class space    used 13427K, capacity 14386K, committed 14592K, reserved 1048576K
}
Event: 15.568 GC heap after
{Heap after GC invocations=29 (full 0):
 garbage-first heap   total 260096K, used 162318K [0x0000000080000000, 0x0000000100000000)
  region size 1024K, 2 young (2048K), 2 survivors (2048K)
 Metaspace       used 108504K, capacity 111123K, committed 111696K, reserved 1146880K
  class space    used 13427K, capacity 14386K, committed 14592K, reserved 1048576K
}
Event: 15.745 GC heap before
{Heap before GC invocations=29 (full 0):
 garbage-first heap   total 260096K, used 202254K [0x0000000080000000, 0x0000000100000000)
  region size 1024K, 41 young (41984K), 2 survivors (2048K)
 Metaspace       used 110398K, capacity 113167K, committed 113360K, reserved 1148928K
  class space    used 13880K, capacity 14903K, committed 14976K, reserved 1048576K
}
Event: 15.759 GC heap after
{Heap after GC invocations=30 (full 0):
 garbage-first heap   total 260096K, used 179485K [0x0000000080000000, 0x0000000100000000)
  region size 1024K, 6 young (6144K), 6 survivors (6144K)
 Metaspace       used 110398K, capacity 113167K, committed 113360K, reserved 1148928K
  class space    used 13880K, capacity 14903K, committed 14976K, reserved 1048576K
}
Event: 15.839 GC heap before
{Heap before GC invocations=30 (full 0):
 garbage-first heap   total 260096K, used 207133K [0x0000000080000000, 0x0000000100000000)
  region size 1024K, 33 young (33792K), 6 survivors (6144K)
 Metaspace       used 110448K, capacity 113238K, committed 113360K, reserved 1148928K
  class space    used 13880K, capacity 14903K, committed 14976K, reserved 1048576K
}
Event: 15.856 GC heap after
{Heap after GC invocations=31 (full 0):
 garbage-first heap   total 329728K, used 193962K [0x0000000080000000, 0x0000000100000000)
  region size 1024K, 5 young (5120K), 5 survivors (5120K)
 Metaspace       used 110448K, capacity 113238K, committed 113360K, reserved 1148928K
  class space    used 13880K, capacity 14903K, committed 14976K, reserved 1048576K
}
Event: 16.186 GC heap before
{Heap before GC invocations=32 (full 0):
 garbage-first heap   total 329728K, used 245162K [0x0000000080000000, 0x0000000100000000)
  region size 1024K, 59 young (60416K), 5 survivors (5120K)
 Metaspace       used 112537K, capacity 115447K, committed 115536K, reserved 1148928K
  class space    used 14201K, capacity 15291K, committed 15360K, reserved 1048576K
}
Event: 16.204 GC heap after
{Heap after GC invocations=33 (full 0):
 garbage-first heap   total 329728K, used 210723K [0x0000000080000000, 0x0000000100000000)
  region size 1024K, 8 young (8192K), 8 survivors (8192K)
 Metaspace       used 112537K, capacity 115447K, committed 115536K, reserved 1148928K
  class space    used 14201K, capacity 15291K, committed 15360K, reserved 1048576K
}
Event: 16.269 GC heap before
{Heap before GC invocations=33 (full 0):
 garbage-first heap   total 329728K, used 218915K [0x0000000080000000, 0x0000000100000000)
  region size 1024K, 16 young (16384K), 8 survivors (8192K)
 Metaspace       used 112869K, capacity 115829K, committed 116048K, reserved 1150976K
  class space    used 14253K, capacity 15351K, committed 15360K, reserved 1048576K
}
Event: 16.282 GC heap after
{Heap after GC invocations=34 (full 0):
 garbage-first heap   total 329728K, used 209356K [0x0000000080000000, 0x0000000100000000)
  region size 1024K, 2 young (2048K), 2 survivors (2048K)
 Metaspace       used 112869K, capacity 115829K, committed 116048K, reserved 1150976K
  class space    used 14253K, capacity 15351K, committed 15360K, reserved 1048576K
}
Event: 16.572 GC heap before
{Heap before GC invocations=34 (full 0):
 garbage-first heap   total 329728K, used 253388K [0x0000000080000000, 0x0000000100000000)
  region size 1024K, 46 young (47104K), 2 survivors (2048K)
 Metaspace       used 113865K, capacity 117074K, committed 117328K, reserved 1150976K
  class space    used 14405K, capacity 15595K, committed 15616K, reserved 1048576K
}
Event: 16.581 GC heap after
{Heap after GC invocations=35 (full 0):
 garbage-first heap   total 329728K, used 216064K [0x0000000080000000, 0x0000000100000000)
  region size 1024K, 6 young (6144K), 6 survivors (6144K)
 Metaspace       used 113865K, capacity 117074K, committed 117328K, reserved 1150976K
  class space    used 14405K, capacity 15595K, committed 15616K, reserved 1048576K
}
Event: 16.867 GC heap before
{Heap before GC invocations=36 (full 0):
 garbage-first heap   total 329728K, used 250880K [0x0000000080000000, 0x0000000100000000)
  region size 1024K, 50 young (51200K), 6 survivors (6144K)
 Metaspace       used 113433K, capacity 116347K, committed 117328K, reserved 1150976K
  class space    used 14247K, capacity 15312K, committed 15616K, reserved 1048576K
}

