# JRE version: OpenJDK Runtime Environment (11.0.15) (build 11.0.15+0-b2043.56-9505619)
# Java VM: OpenJDK 64-Bit Server VM (11.0.15+0-b2043.56-9505619, mixed mode, tiered, compressed oops, g1 gc, windows-amd64)
Heap:
 garbage-first heap   total 260096K, used 189180K [0x0000000080000000, 0x0000000100000000)
  region size 1024K, 142 young (145408K), 3 survivors (3072K)
 Metaspace       used 70621K, capacity 72372K, committed 72580K, reserved 1112064K
  class space    used 9090K, capacity 9729K, committed 9780K, reserved 1048576K
GC Heap History (14 events):
Event: 0.605 GC heap before
{Heap before GC invocations=0 (full 0):
 garbage-first heap   total 260096K, used 29696K [0x0000000080000000, 0x0000000100000000)
  region size 1024K, 24 young (24576K), 0 survivors (0K)
 Metaspace       used 10242K, capacity 10495K, committed 10624K, reserved 1058816K
  class space    used 1053K, capacity 1141K, committed 1152K, reserved 1048576K
}
Event: 0.609 GC heap after
{Heap after GC invocations=1 (full 0):
 garbage-first heap   total 260096K, used 9412K [0x0000000080000000, 0x0000000100000000)
  region size 1024K, 3 young (3072K), 3 survivors (3072K)
 Metaspace       used 10242K, capacity 10495K, committed 10624K, reserved 1058816K
  class space    used 1053K, capacity 1141K, committed 1152K, reserved 1048576K
}
Event: 1.887 GC heap before
{Heap before GC invocations=1 (full 0):
 garbage-first heap   total 260096K, used 100548K [0x0000000080000000, 0x0000000100000000)
  region size 1024K, 93 young (95232K), 3 survivors (3072K)
 Metaspace       used 20727K, capacity 21193K, committed 21296K, reserved 1069056K
  class space    used 2511K, capacity 2671K, committed 2688K, reserved 1048576K
}
Event: 1.894 GC heap after
{Heap after GC invocations=2 (full 0):
 garbage-first heap   total 260096K, used 16664K [0x0000000080000000, 0x0000000100000000)
  region size 1024K, 11 young (11264K), 11 survivors (11264K)
 Metaspace       used 20727K, capacity 21193K, committed 21296K, reserved 1069056K
  class space    used 2511K, capacity 2671K, committed 2688K, reserved 1048576K
}
Event: 2.017 GC heap before
{Heap before GC invocations=3 (full 0):
 garbage-first heap   total 260096K, used 38168K [0x0000000080000000, 0x0000000100000000)
  region size 1024K, 33 young (33792K), 11 survivors (11264K)
 Metaspace       used 22644K, capacity 23147K, committed 23216K, reserved 1069056K
  class space    used 2855K, capacity 3047K, committed 3072K, reserved 1048576K
}
Event: 2.021 GC heap after
{Heap after GC invocations=4 (full 0):
 garbage-first heap   total 260096K, used 17969K [0x0000000080000000, 0x0000000100000000)
  region size 1024K, 2 young (2048K), 2 survivors (2048K)
 Metaspace       used 22644K, capacity 23147K, committed 23216K, reserved 1069056K
  class space    used 2855K, capacity 3047K, committed 3072K, reserved 1048576K
}
Event: 2.914 GC heap before
{Heap before GC invocations=4 (full 0):
 garbage-first heap   total 260096K, used 107057K [0x0000000080000000, 0x0000000100000000)
  region size 1024K, 91 young (93184K), 2 survivors (2048K)
 Metaspace       used 35013K, capacity 35839K, committed 35920K, reserved 1081344K
  class space    used 4515K, capacity 4857K, committed 4864K, reserved 1048576K
}
Event: 2.922 GC heap after
{Heap after GC invocations=5 (full 0):
 garbage-first heap   total 260096K, used 22063K [0x0000000080000000, 0x0000000100000000)
  region size 1024K, 6 young (6144K), 6 survivors (6144K)
 Metaspace       used 35013K, capacity 35839K, committed 35920K, reserved 1081344K
  class space    used 4515K, capacity 4857K, committed 4864K, reserved 1048576K
}
Event: 3.849 GC heap before
{Heap before GC invocations=6 (full 0):
 garbage-first heap   total 260096K, used 154159K [0x0000000080000000, 0x0000000100000000)
  region size 1024K, 132 young (135168K), 6 survivors (6144K)
 Metaspace       used 45438K, capacity 46480K, committed 46748K, reserved 1089536K
  class space    used 5753K, capacity 6151K, committed 6220K, reserved 1048576K
}
Event: 3.855 GC heap after
{Heap after GC invocations=7 (full 0):
 garbage-first heap   total 260096K, used 30455K [0x0000000080000000, 0x0000000100000000)
  region size 1024K, 14 young (14336K), 14 survivors (14336K)
 Metaspace       used 45438K, capacity 46480K, committed 46748K, reserved 1089536K
  class space    used 5753K, capacity 6151K, committed 6220K, reserved 1048576K
}
Event: 4.864 GC heap before
{Heap before GC invocations=7 (full 0):
 garbage-first heap   total 260096K, used 175863K [0x0000000080000000, 0x0000000100000000)
  region size 1024K, 152 young (155648K), 14 survivors (14336K)
 Metaspace       used 55914K, capacity 57360K, committed 57628K, reserved 1099776K
  class space    used 7020K, capacity 7546K, committed 7628K, reserved 1048576K
}
Event: 4.875 GC heap after
{Heap after GC invocations=8 (full 0):
 garbage-first heap   total 260096K, used 45513K [0x0000000080000000, 0x0000000100000000)
  region size 1024K, 19 young (19456K), 19 survivors (19456K)
 Metaspace       used 55914K, capacity 57360K, committed 57628K, reserved 1099776K
  class space    used 7020K, capacity 7546K, committed 7628K, reserved 1048576K
}
Event: 5.097 GC heap before
{Heap before GC invocations=8 (full 0):
 garbage-first heap   total 260096K, used 68041K [0x0000000080000000, 0x0000000100000000)
  region size 1024K, 42 young (43008K), 19 survivors (19456K)
 Metaspace       used 58879K, capacity 60295K, committed 60420K, reserved 1101824K
  class space    used 7428K, capacity 8009K, committed 8116K, reserved 1048576K
}
Event: 5.109 GC heap after
{Heap after GC invocations=9 (full 0):
 garbage-first heap   total 260096K, used 47868K [0x0000000080000000, 0x0000000100000000)
  region size 1024K, 3 young (3072K), 3 survivors (3072K)
 Metaspace       used 58879K, capacity 60295K, committed 60420K, reserved 1101824K
  class space    used 7428K, capacity 8009K, committed 8116K, reserved 1048576K
}

