# JRE version: OpenJDK Runtime Environment (11.0.15) (build 11.0.15+0-b2043.56-9505619)
# Java VM: OpenJDK 64-Bit Server VM (11.0.15+0-b2043.56-9505619, mixed mode, tiered, compressed oops, g1 gc, windows-amd64)
Heap:
 garbage-first heap   total 415744K, used 226115K [0x0000000080000000, 0x0000000100000000)
  region size 1024K, 7 young (7168K), 7 survivors (7168K)
 Metaspace       used 122781K, capacity 125965K, committed 131332K, reserved 1163264K
  class space    used 15407K, capacity 16623K, committed 18764K, reserved 1048576K
GC Heap History (20 events):
Event: 15.333 GC heap after
{Heap after GC invocations=24 (full 0):
 garbage-first heap   total 260096K, used 116591K [0x0000000080000000, 0x0000000100000000)
  region size 1024K, 2 young (2048K), 2 survivors (2048K)
 Metaspace       used 124486K, capacity 129585K, committed 129924K, reserved 1161216K
  class space    used 16405K, capacity 18540K, committed 18636K, reserved 1048576K
}
Event: 15.855 GC heap before
{Heap before GC invocations=25 (full 0):
 garbage-first heap   total 260096K, used 235375K [0x0000000080000000, 0x0000000100000000)
  region size 1024K, 88 young (90112K), 2 survivors (2048K)
 Metaspace       used 122620K, capacity 125998K, committed 130820K, reserved 1161216K
  class space    used 15521K, capacity 16805K, committed 18764K, reserved 1048576K
}
Event: 15.886 GC heap after
{Heap after GC invocations=26 (full 0):
 garbage-first heap   total 278528K, used 176443K [0x0000000080000000, 0x0000000100000000)
  region size 1024K, 11 young (11264K), 11 survivors (11264K)
 Metaspace       used 122620K, capacity 125998K, committed 130820K, reserved 1161216K
  class space    used 15521K, capacity 16805K, committed 18764K, reserved 1048576K
}
Event: 15.903 GC heap before
{Heap before GC invocations=26 (full 0):
 garbage-first heap   total 278528K, used 178491K [0x0000000080000000, 0x0000000100000000)
  region size 1024K, 13 young (13312K), 11 survivors (11264K)
 Metaspace       used 122621K, capacity 125998K, committed 130820K, reserved 1161216K
  class space    used 15521K, capacity 16805K, committed 18764K, reserved 1048576K
}
Event: 15.926 GC heap after
{Heap after GC invocations=27 (full 0):
 garbage-first heap   total 278528K, used 177545K [0x0000000080000000, 0x0000000100000000)
  region size 1024K, 2 young (2048K), 2 survivors (2048K)
 Metaspace       used 122621K, capacity 125998K, committed 130820K, reserved 1161216K
  class space    used 15521K, capacity 16805K, committed 18764K, reserved 1048576K
}
Event: 16.001 GC heap before
{Heap before GC invocations=27 (full 0):
 garbage-first heap   total 278528K, used 198025K [0x0000000080000000, 0x0000000100000000)
  region size 1024K, 23 young (23552K), 2 survivors (2048K)
 Metaspace       used 122629K, capacity 126000K, committed 130820K, reserved 1161216K
  class space    used 15521K, capacity 16805K, committed 18764K, reserved 1048576K
}
Event: 16.010 GC heap after
{Heap after GC invocations=28 (full 0):
 garbage-first heap   total 278528K, used 189180K [0x0000000080000000, 0x0000000100000000)
  region size 1024K, 6 young (6144K), 6 survivors (6144K)
 Metaspace       used 122629K, capacity 126000K, committed 130820K, reserved 1161216K
  class space    used 15521K, capacity 16805K, committed 18764K, reserved 1048576K
}
Event: 16.220 GC heap before
{Heap before GC invocations=28 (full 0):
 garbage-first heap   total 278528K, used 221948K [0x0000000080000000, 0x0000000100000000)
  region size 1024K, 36 young (36864K), 6 survivors (6144K)
 Metaspace       used 122391K, capacity 125581K, committed 131076K, reserved 1161216K
  class space    used 15405K, capacity 16624K, committed 18764K, reserved 1048576K
}
Event: 16.237 GC heap after
{Heap after GC invocations=29 (full 0):
 garbage-first heap   total 278528K, used 206313K [0x0000000080000000, 0x0000000100000000)
  region size 1024K, 5 young (5120K), 5 survivors (5120K)
 Metaspace       used 122391K, capacity 125581K, committed 131076K, reserved 1161216K
  class space    used 15405K, capacity 16624K, committed 18764K, reserved 1048576K
}
Event: 16.310 GC heap before
{Heap before GC invocations=30 (full 0):
 garbage-first heap   total 278528K, used 227817K [0x0000000080000000, 0x0000000100000000)
  region size 1024K, 25 young (25600K), 5 survivors (5120K)
 Metaspace       used 122465K, capacity 125614K, committed 131076K, reserved 1161216K
  class space    used 15407K, capacity 16628K, committed 18764K, reserved 1048576K
}
Event: 16.321 GC heap after
{Heap after GC invocations=31 (full 0):
 garbage-first heap   total 278528K, used 211440K [0x0000000080000000, 0x0000000100000000)
  region size 1024K, 4 young (4096K), 4 survivors (4096K)
 Metaspace       used 122465K, capacity 125614K, committed 131076K, reserved 1161216K
  class space    used 15407K, capacity 16628K, committed 18764K, reserved 1048576K
}
Event: 16.361 GC heap before
{Heap before GC invocations=31 (full 0):
 garbage-first heap   total 278528K, used 220656K [0x0000000080000000, 0x0000000100000000)
  region size 1024K, 13 young (13312K), 4 survivors (4096K)
 Metaspace       used 122481K, capacity 125681K, committed 131076K, reserved 1161216K
  class space    used 15407K, capacity 16628K, committed 18764K, reserved 1048576K
}
Event: 16.370 GC heap after
{Heap after GC invocations=32 (full 0):
 garbage-first heap   total 346112K, used 204566K [0x0000000080000000, 0x0000000100000000)
  region size 1024K, 2 young (2048K), 2 survivors (2048K)
 Metaspace       used 122481K, capacity 125681K, committed 131076K, reserved 1161216K
  class space    used 15407K, capacity 16628K, committed 18764K, reserved 1048576K
}
Event: 16.573 GC heap before
{Heap before GC invocations=32 (full 0):
 garbage-first heap   total 346112K, used 250646K [0x0000000080000000, 0x0000000100000000)
  region size 1024K, 48 young (49152K), 2 survivors (2048K)
 Metaspace       used 122595K, capacity 125768K, committed 131076K, reserved 1161216K
  class space    used 15407K, capacity 16628K, committed 18764K, reserved 1048576K
}
Event: 16.581 GC heap after
{Heap after GC invocations=33 (full 0):
 garbage-first heap   total 346112K, used 209654K [0x0000000080000000, 0x0000000100000000)
  region size 1024K, 6 young (6144K), 6 survivors (6144K)
 Metaspace       used 122595K, capacity 125768K, committed 131076K, reserved 1161216K
  class space    used 15407K, capacity 16628K, committed 18764K, reserved 1048576K
}
Event: 17.052 GC heap before
{Heap before GC invocations=34 (full 0):
 garbage-first heap   total 346112K, used 258806K [0x0000000080000000, 0x0000000100000000)
  region size 1024K, 55 young (56320K), 6 survivors (6144K)
 Metaspace       used 122633K, capacity 125804K, committed 131076K, reserved 1161216K
  class space    used 15400K, capacity 16615K, committed 18764K, reserved 1048576K
}
Event: 17.062 GC heap after
{Heap after GC invocations=35 (full 0):
 garbage-first heap   total 346112K, used 211987K [0x0000000080000000, 0x0000000100000000)
  region size 1024K, 5 young (5120K), 5 survivors (5120K)
 Metaspace       used 122633K, capacity 125804K, committed 131076K, reserved 1161216K
  class space    used 15400K, capacity 16615K, committed 18764K, reserved 1048576K
}
Event: 17.100 GC heap before
{Heap before GC invocations=35 (full 0):
 garbage-first heap   total 346112K, used 223251K [0x0000000080000000, 0x0000000100000000)
  region size 1024K, 16 young (16384K), 5 survivors (5120K)
 Metaspace       used 122633K, capacity 125804K, committed 131076K, reserved 1161216K
  class space    used 15400K, capacity 16615K, committed 18764K, reserved 1048576K
}
Event: 17.110 GC heap after
{Heap after GC invocations=36 (full 0):
 garbage-first heap   total 346112K, used 205597K [0x0000000080000000, 0x0000000100000000)
  region size 1024K, 1 young (1024K), 1 survivors (1024K)
 Metaspace       used 122633K, capacity 125804K, committed 131076K, reserved 1161216K
  class space    used 15400K, capacity 16615K, committed 18764K, reserved 1048576K
}
Event: 17.638 GC heap before
{Heap before GC invocations=36 (full 0):
 garbage-first heap   total 346112K, used 276253K [0x0000000080000000, 0x0000000100000000)
  region size 1024K, 56 young (57344K), 1 survivors (1024K)
 Metaspace       used 122781K, capacity 125965K, committed 131332K, reserved 1163264K
  class space    used 15407K, capacity 16623K, committed 18764K, reserved 1048576K
}

